<?xml version="1.0" encoding="UTF-8"?>
<!-- Generated by org.testng.reporters.JUnitXMLReporter -->
<testsuite ignored="0" hostname="SIMPLEBUDDY" failures="0" tests="1" name="Test-Runner 2" time="251.85" errors="0" timestamp="2023-02-21T14:00:35 IST">
  <testcase classname="vTiger.Organizations.TestsScripts.CreateOrganizationWithDDTAndGuTest" name="createOrgWithDDtAndGuTest" time="86.914"/>
</testsuite> <!-- Test-Runner 2 -->
