<?xml version="1.0" encoding="UTF-8"?>
<!-- Generated by org.testng.reporters.JUnitReportReporter -->
<testsuite hostname="SIMPLEBUDDY" failures="0" tests="1" name="extraPractice.HandleAutoSuggestionGoogleTest" time="26.044" errors="0" timestamp="2023-04-10T02:05:01 IST" skipped="0">
  <testcase classname="extraPractice.HandleAutoSuggestionGoogleTest" name="GoogleAutoSuggestionTest" time="26.044"/>
  <system-out/>
</testsuite> <!-- extraPractice.HandleAutoSuggestionGoogleTest -->
