<?xml version="1.0" encoding="UTF-8"?>
<!-- Generated by org.testng.reporters.JUnitReportReporter -->
<testsuite hostname="SIMPLEBUDDY" failures="0" tests="1" name="extraPractice.CreateContactTest" time="221.321" errors="0" timestamp="2023-03-28T15:49:26 IST" skipped="0">
  <testcase classname="extraPractice.CreateContactTest" name="createContact" time="221.321"/>
  <system-out/>
</testsuite> <!-- extraPractice.CreateContactTest -->
