<?xml version="1.0" encoding="UTF-8"?>
<!-- Generated by org.testng.reporters.JUnitReportReporter -->
<testsuite hostname="SIMPLEBUDDY" failures="0" tests="1" name="vTiger.Practice.AddnumbersTest" time="0.014" errors="0" timestamp="2023-01-15T10:19:14 IST" skipped="0">
  <testcase classname="vTiger.Practice.AddnumbersTest" name="addnumbersTest" time="0.014"/>
  <system-out/>
</testsuite> <!-- vTiger.Practice.AddnumbersTest -->
