<?xml version="1.0" encoding="UTF-8"?>
<!-- Generated by org.testng.reporters.JUnitReportReporter -->
<testsuite hostname="SIMPLEBUDDY" failures="0" tests="1" name="vTiger.Organizations.TestsScripts.CreateOrganizationWithDDTTest" time="23.779" errors="0" timestamp="2023-01-17T00:52:15 IST" skipped="0">
  <testcase classname="vTiger.Organizations.TestsScripts.CreateOrganizationWithDDTTest" name="createOrgWithDDTTest" time="23.779"/>
  <system-out/>
</testsuite> <!-- vTiger.Organizations.TestsScripts.CreateOrganizationWithDDTTest -->
