<?xml version="1.0" encoding="UTF-8"?>
<!-- Generated by org.testng.reporters.JUnitReportReporter -->
<testsuite hostname="SIMPLEBUDDY" failures="0" tests="2" name="vTiger.Practice.DataProviderPractice" time="0.039" errors="0" timestamp="2023-01-06T23:24:30 IST" skipped="0">
  <testcase classname="vTiger.Practice.DataProviderPractice" name="addProductToCartTest" time="0.008"/>
  <system-out/>
  <testcase classname="vTiger.Practice.DataProviderPractice" name="addProductToCartTest" time="0.031"/>
  <system-out/>
</testsuite> <!-- vTiger.Practice.DataProviderPractice -->
