<?xml version="1.0" encoding="UTF-8"?>
<!-- Generated by org.testng.reporters.JUnitReportReporter -->
<testsuite hostname="SIMPLEBUDDY" failures="0" tests="1" name="vTiger.Practice.Addnumbers" time="0.032" errors="0" timestamp="2022-12-29T10:07:08 IST" skipped="0">
  <testcase classname="vTiger.Practice.Addnumbers" name="addnumbersTest" time="0.032"/>
  <system-out/>
</testsuite> <!-- vTiger.Practice.Addnumbers -->
