<?xml version="1.0" encoding="UTF-8"?>
<!-- Generated by org.testng.reporters.JUnitReportReporter -->
<testsuite hostname="SIMPLEBUDDY" failures="0" tests="1" name="jdbcConnection.JdbcExecuteUpdatePracticeTest" time="0.901" errors="0" timestamp="2023-02-07T18:20:17 IST" skipped="0">
  <testcase classname="jdbcConnection.JdbcExecuteUpdatePracticeTest" name="jdbcUpdate" time="0.901"/>
  <system-out/>
</testsuite> <!-- jdbcConnection.JdbcExecuteUpdatePracticeTest -->
