<?xml version="1.0" encoding="UTF-8"?>
<!-- Generated by org.testng.reporters.JUnitReportReporter -->
<testsuite hostname="SIMPLEBUDDY" failures="0" tests="1" name="extraPractice.CreateContactTest" time="276.487" errors="0" timestamp="2023-02-19T16:42:36 IST" skipped="0">
  <testcase classname="extraPractice.CreateContactTest" name="createContact" time="276.487"/>
  <system-out/>
</testsuite> <!-- extraPractice.CreateContactTest -->
