<?xml version="1.0" encoding="UTF-8"?>
<!-- Generated by org.testng.reporters.JUnitReportReporter -->
<testsuite hostname="SIMPLEBUDDY" failures="0" tests="1" name="vTiger.Practice.ReadDataFrom" time="0.024" errors="0" timestamp="2023-01-31T13:59:28 IST" skipped="0">
  <testcase classname="vTiger.Practice.ReadDataFrom" name="readData" time="0.024"/>
  <system-out/>
</testsuite> <!-- vTiger.Practice.ReadDataFrom -->
