<?xml version="1.0" encoding="UTF-8"?>
<!-- Generated by org.testng.reporters.JUnitReportReporter -->
<testsuite hostname="SIMPLEBUDDY" failures="0" tests="3" name="vTiger.Practice.MakeMyTripPractice" time="227.319" errors="0" timestamp="2023-02-13T20:04:04 IST" skipped="0">
  <testcase classname="vTiger.Practice.MakeMyTripPractice" name="selectCurrentDateOfMonth" time="60.356"/>
  <system-out/>
  <testcase classname="vTiger.Practice.MakeMyTripPractice" name="selectFutureDate" time="105.886"/>
  <system-out/>
  <testcase classname="vTiger.Practice.MakeMyTripPractice" name="selectAnyDateInDOM" time="61.077"/>
  <system-out/>
</testsuite> <!-- vTiger.Practice.MakeMyTripPractice -->
