<?xml version="1.0" encoding="UTF-8"?>
<!-- Generated by org.testng.reporters.JUnitReportReporter -->
<testsuite hostname="SIMPLEBUDDY" failures="0" tests="2" name="vTiger.Practice.BaseClassPractice" time="0.027" errors="0" timestamp="2023-02-20T17:00:11 IST" skipped="0">
  <testcase classname="vTiger.Practice.BaseClassPractice" name="tCofig" time="0.019"/>
  <system-out/>
  <testcase classname="vTiger.Practice.BaseClassPractice" name="tConfig" time="0.008"/>
  <system-out/>
</testsuite> <!-- vTiger.Practice.BaseClassPractice -->
