<?xml version="1.0" encoding="UTF-8"?>
<!-- Generated by org.testng.reporters.JUnitReportReporter -->
<testsuite hostname="SIMPLEBUDDY" failures="0" tests="1" name="vTiger.Organizations.TestsScripts.CreateOrganizationWithDDTAndGuTest" time="138.263" errors="0" timestamp="2023-01-17T00:49:09 IST" skipped="0">
  <testcase classname="vTiger.Organizations.TestsScripts.CreateOrganizationWithDDTAndGuTest" name="createOrgWithDDtAndGuTest" time="138.263"/>
  <system-out/>
</testsuite> <!-- vTiger.Organizations.TestsScripts.CreateOrganizationWithDDTAndGuTest -->
