<?xml version="1.0" encoding="UTF-8"?>
<!-- Generated by org.testng.reporters.JUnitReportReporter -->
<testsuite hostname="SIMPLEBUDDY" failures="0" tests="1" name="vTiger.Practice.PrintAllMiPhones" time="54.615" errors="0" timestamp="2023-02-14T17:03:19 IST" skipped="0">
  <testcase classname="vTiger.Practice.PrintAllMiPhones" name="amazonMiphonesPrint" time="54.615"/>
  <system-out/>
</testsuite> <!-- vTiger.Practice.PrintAllMiPhones -->
