<?xml version="1.0" encoding="UTF-8"?>
<!-- Generated by org.testng.reporters.JUnitReportReporter -->
<testsuite hostname="SIMPLEBUDDY" failures="0" tests="1" name="jdbcConnection.JdbcPracticeTest" time="0.958" errors="0" timestamp="2023-02-07T17:37:59 IST" skipped="0">
  <testcase classname="jdbcConnection.JdbcPracticeTest" name="sampleJdbc" time="0.958"/>
  <system-out/>
</testsuite> <!-- jdbcConnection.JdbcPracticeTest -->
