<?xml version="1.0" encoding="UTF-8"?>
<!-- Generated by org.testng.reporters.JUnitReportReporter -->
<testsuite hostname="SIMPLEBUDDY" failures="0" tests="1" name="vTiger.Organizations.TestsScripts.CreateOrganizationWithDDTAndGuTest" time="145.962" errors="0" timestamp="2023-02-21T14:00:36 IST" skipped="0">
  <testcase classname="vTiger.Organizations.TestsScripts.CreateOrganizationWithDDTAndGuTest" name="createOrgWithDDtAndGuTest" time="145.962"/>
  <system-out/>
</testsuite> <!-- vTiger.Organizations.TestsScripts.CreateOrganizationWithDDTAndGuTest -->
