<?xml version="1.0" encoding="UTF-8"?>
<!-- Generated by org.testng.reporters.JUnitReportReporter -->
<testsuite hostname="SIMPLEBUDDY" failures="0" tests="1" name="vTiger.Contacts.TestsScripts.CreateContactWithOrganizationTest" time="98.492" errors="0" timestamp="2023-01-29T10:10:25 IST" skipped="0">
  <testcase classname="vTiger.Contacts.TestsScripts.CreateContactWithOrganizationTest" name="createContactWithOrgTest" time="98.492"/>
  <system-out>
    <![CDATA[--Clicked on organization link
--clicked on create new organization lookup img
--Organization createdWipro175
--clicked on contact link
--Contact createdbajaj]]>
  </system-out>
</testsuite> <!-- vTiger.Contacts.TestsScripts.CreateContactWithOrganizationTest -->
