<?xml version="1.0" encoding="UTF-8"?>
<!-- Generated by org.testng.reporters.JUnitReportReporter -->
<testsuite hostname="SIMPLEBUDDY" failures="0" tests="5" name="vTiger.Organizations.TestsScripts.CreateMultipleOrgTest" time="217.341" errors="0" timestamp="2023-01-17T00:49:09 IST" skipped="0">
  <testcase classname="vTiger.Organizations.TestsScripts.CreateMultipleOrgTest" name="createmultiorgTest" time="35.390"/>
  <system-out/>
  <testcase classname="vTiger.Organizations.TestsScripts.CreateMultipleOrgTest" name="createmultiorgTest" time="132.205"/>
  <system-out/>
  <testcase classname="vTiger.Organizations.TestsScripts.CreateMultipleOrgTest" name="createmultiorgTest" time="16.917"/>
  <system-out/>
  <testcase classname="vTiger.Organizations.TestsScripts.CreateMultipleOrgTest" name="createmultiorgTest" time="15.460"/>
  <system-out/>
  <testcase classname="vTiger.Organizations.TestsScripts.CreateMultipleOrgTest" name="createmultiorgTest" time="17.369"/>
  <system-out/>
</testsuite> <!-- vTiger.Organizations.TestsScripts.CreateMultipleOrgTest -->
