<?xml version="1.0" encoding="UTF-8"?>
<!-- Generated by org.testng.reporters.JUnitReportReporter -->
<testsuite hostname="SIMPLEBUDDY" failures="0" tests="1" name="vTiget.Organizations.TestsScripts.CreateNewOrganizationWithIndustryPom" time="110.576" errors="0" timestamp="2023-01-03T23:42:09 IST" skipped="0">
  <testcase classname="vTiget.Organizations.TestsScripts.CreateNewOrganizationWithIndustryPom" name="createNewOrgWithIndTest" time="110.576"/>
  <system-out/>
</testsuite> <!-- vTiget.Organizations.TestsScripts.CreateNewOrganizationWithIndustryPom -->
