<?xml version="1.0" encoding="UTF-8"?>
<!-- Generated by org.testng.reporters.JUnitReportReporter -->
<testsuite hostname="SIMPLEBUDDY" failures="0" tests="1" name="vTiger.Organizations.TestsScripts.CreateNewOrganizationWithIndustryTest" time="30.547" errors="0" timestamp="2023-01-29T14:46:59 IST" skipped="0">
  <testcase classname="vTiger.Organizations.TestsScripts.CreateNewOrganizationWithIndustryTest" name="createNewOrgWithIndTest" time="30.547"/>
  <system-out/>
</testsuite> <!-- vTiger.Organizations.TestsScripts.CreateNewOrganizationWithIndustryTest -->
