<?xml version="1.0" encoding="UTF-8"?>
<!-- Generated by org.testng.reporters.JUnitReportReporter -->
<testsuite hostname="SIMPLEBUDDY" failures="0" tests="3" name="vTiger.Practice.LogoutPractice" time="202.316" errors="0" timestamp="2023-01-16T10:58:37 IST" skipped="0">
  <testcase classname="vTiger.Practice.LogoutPractice" name="tConfig" time="0.007"/>
  <system-out/>
  <testcase classname="vTiger.Practice.LogoutPractice" name="sabs" time="202.300"/>
  <system-out/>
  <testcase classname="vTiger.Practice.LogoutPractice" name="tCofig" time="0.009"/>
  <system-out/>
</testsuite> <!-- vTiger.Practice.LogoutPractice -->
